<?xml version="1.0" encoding="UTF-8"?>
<!-- Generated by org.testng.reporters.JUnitXMLReporter -->
<testsuite ignored="0" hostname="LAPTOP-T8FKKRQ2" failures="0" tests="5" name="Default test" time="5.501" errors="0" timestamp="2024-12-02T21:49:33 IST">
  <testcase classname="HTTPRequestsPkg.HTTPRequets" name="getUsers" time="2.593"/>
  <testcase classname="HTTPRequestsPkg.HTTPRequets" name="createUser" time="0.931"/>
  <testcase classname="HTTPRequestsPkg.HTTPRequets" name="updateUser" time="0.778"/>
  <testcase classname="HTTPRequestsPkg.HTTPRequets" name="getSingleUser" time="0.333"/>
  <testcase classname="HTTPRequestsPkg.HTTPRequets" name="deleteUser" time="0.793"/>
</testsuite> <!-- Default test -->
