<?xml version="1.0" encoding="UTF-8"?>
<testng-results ignored="0" total="5" passed="5" failed="0" skipped="0">
  <reporter-output>
  </reporter-output>
  <suite started-at="2024-12-02T21:49:28 IST" name="Default suite" finished-at="2024-12-02T21:49:33 IST" duration-ms="5501">
    <groups>
    </groups>
    <test started-at="2024-12-02T21:49:28 IST" name="Default test" finished-at="2024-12-02T21:49:33 IST" duration-ms="5501">
      <class name="HTTPRequestsPkg.HTTPRequets">
        <test-method signature="getUsers()[pri:1, instance:HTTPRequestsPkg.HTTPRequets@48aca48b]" started-at="2024-12-02T21:49:28 IST" name="getUsers" finished-at="2024-12-02T21:49:30 IST" duration-ms="2593" status="PASS">
          <reporter-output>
          </reporter-output>
        </test-method> <!-- getUsers -->
        <test-method signature="createUser()[pri:2, instance:HTTPRequestsPkg.HTTPRequets@48aca48b]" started-at="2024-12-02T21:49:30 IST" name="createUser" finished-at="2024-12-02T21:49:31 IST" duration-ms="931" status="PASS">
          <reporter-output>
          </reporter-output>
        </test-method> <!-- createUser -->
        <test-method signature="updateUser()[pri:3, instance:HTTPRequestsPkg.HTTPRequets@48aca48b]" started-at="2024-12-02T21:49:31 IST" name="updateUser" finished-at="2024-12-02T21:49:32 IST" depends-on-methods="HTTPRequestsPkg.HTTPRequets.createUser" duration-ms="778" status="PASS">
          <reporter-output>
          </reporter-output>
        </test-method> <!-- updateUser -->
        <test-method signature="getSingleUser()[pri:4, instance:HTTPRequestsPkg.HTTPRequets@48aca48b]" started-at="2024-12-02T21:49:32 IST" name="getSingleUser" finished-at="2024-12-02T21:49:32 IST" duration-ms="333" status="PASS">
          <reporter-output>
          </reporter-output>
        </test-method> <!-- getSingleUser -->
        <test-method signature="deleteUser()[pri:5, instance:HTTPRequestsPkg.HTTPRequets@48aca48b]" started-at="2024-12-02T21:49:32 IST" name="deleteUser" finished-at="2024-12-02T21:49:33 IST" duration-ms="793" status="PASS">
          <reporter-output>
          </reporter-output>
        </test-method> <!-- deleteUser -->
      </class> <!-- HTTPRequestsPkg.HTTPRequets -->
    </test> <!-- Default test -->
  </suite> <!-- Default suite -->
</testng-results>
